ERROR: Pocophone NÃO ESTÁ LIGADO
ERROR: Pocophone NÃO ESTÁ LIGADO
ERROR: Pocophone NÃO ESTÁ LIGADO
ERROR: Pocophone NÃO ESTÁ LIGADO
INFO: Pocophone Foi conectado com sucesso
INFO: Pocophone Foi conectado com sucesso
INFO: Pocophone Foi conectado com sucesso
INFO: Pocophone Foi conectado com sucesso
INFO: Pocophone Foi conectado com sucesso
INFO: Pocophone Foi conectado com sucesso
INFO: Pocophone Foi conectado com sucesso
ERROR: Pocophone JÁ ESTÁ CONECTADO
INFO: Pocophone Foi conectado com sucesso
ERROR: Pocophone JÁ ESTÁ CONECTADO
ERROR: Pocophone NÃO ESTÁ LIGADO
ERROR: Pocophone NÃO ESTÁ LIGADO
INFO: Pocophone Foi conectado com sucesso
ERROR: Pocophone JÁ ESTÁ CONECTADO
ERROR: Pocophone F1 NÃO ESTÁ LIGADO
INFO: Pocophone F1 Foi conectado com sucesso
ERROR: Pocophone F1 JÁ ESTÁ CONECTADO
ERROR: Pocophone F1 JÁ ESTÁ CONECTADO
ERROR: Pocophone F1 NÃO ESTÁ LIGADO
ERROR: Pocophone F1 ESTÁ DESLIGADO
ERROR: Pocophone F1 ESTÁ DESLIGADO
ERROR: Henrique NÃO ESTÁ LIGADO
INFO: Henrique Foi conectado com sucesso
ERROR: Henrique JÁ ESTÁ CONECTADO
ERROR: Henrique JÁ ESTÁ CONECTADO
ERROR: Henrique NÃO ESTÁ LIGADO
ERROR: Henrique ESTÁ DESLIGADO
ERROR: Henrique ESTÁ DESLIGADO
ERROR: Henrique NÃO ESTÁ LIGADO
INFO: Henrique Foi conectado com sucesso
ERROR: Henrique JÁ ESTÁ CONECTADO
ERROR: Henrique JÁ ESTÁ CONECTADO
ERROR: Henrique NÃO ESTÁ LIGADO
ERROR: Henrique ESTÁ DESLIGADO
ERROR: Henrique ESTÁ DESLIGADO
INFO: Pocophone Foi conectado com sucesso
ERROR: Pocophone JÁ ESTÁ CONECTADO
ERROR: Pocophone JÁ ESTÁ CONECTADO
ERROR: Pocophone NÃO ESTÁ LIGADO
INFO: Pocophone Foi conectado com sucesso
ERROR: Pocophone JÁ ESTÁ CONECTADO
ERROR: Pocophone JÁ ESTÁ CONECTADO
ERROR: Pocophone NÃO ESTÁ LIGADO
INFO: Pocophone Foi conectado com sucesso
ERROR: Pocophone JÁ ESTÁ CONECTADO
ERROR: Pocophone JÁ ESTÁ CONECTADO
ERROR: Pocophone NÃO ESTÁ LIGADO
INFO: Pocophone Foi conectado com sucesso
ERROR: Pocophone JÁ ESTÁ CONECTADO
ERROR: Pocophone JÁ ESTÁ CONECTADO
ERROR: Pocophone ESTÁ DESLIGADO
ERROR: Pocophone NÃO ESTÁ LIGADO
INFO: Pocophone Foi conectado com sucesso
ERROR: Pocophone JÁ ESTÁ CONECTADO
ERROR: Pocophone JÁ ESTÁ CONECTADO
ERROR: Pocophone NÃO ESTÁ LIGADO
INFO: Pocophone Foi conectado com sucesso
ERROR: Pocophone JÁ ESTÁ CONECTADO
ERROR: Pocophone JÁ ESTÁ CONECTADO
ERROR: Pocophone NÃO ESTÁ LIGADO
INFO: Pocophone Foi conectado com sucesso
ERROR: Pocophone JÁ ESTÁ CONECTADO
ERROR: Pocophone JÁ ESTÁ CONECTADO
INFO: Pocophone Foi desligado com sucesso
ERROR: Xiaomi5 NÃO ESTÁ LIGADO
ERROR: Xiaomi5 ESTÁ DESLIGADO
INFO: Xiaomi5 Foi conectado com sucesso
ERROR: Xiaomi5 JÁ ESTÁ CONECTADO
ERROR: Xiaomi5 JÁ ESTÁ CONECTADO
ERROR: Xiaomi5 NÃO ESTÁ LIGADO
INFO: Xiaomi5 Foi desligado com sucesso
ERROR: Xiaomi5 ESTÁ DESLIGADO
ERROR: Xiaomi5 ESTÁ DESLIGADO
ERROR: Xiaomi5 NÃO ESTÁ LIGADO
ERROR: Xiaomi5 ESTÁ DESLIGADO
INFO: Xiaomi5 Foi conectado com sucesso
ERROR: Xiaomi5 JÁ ESTÁ CONECTADO
ERROR: Xiaomi5 JÁ ESTÁ CONECTADO
ERROR: Xiaomi5 NÃO ESTÁ LIGADO
INFO: Xiaomi5 Foi desligado com sucesso
ERROR: Xiaomi5 ESTÁ DESLIGADO
ERROR: Xiaomi5 ESTÁ DESLIGADO
ERROR: Xiaomi5 NÃO ESTÁ LIGADO
ERROR: Xiaomi5 ESTÁ DESLIGADO
INFO: Xiaomi5 Foi conectado com sucesso
ERROR: Xiaomi5 JÁ ESTÁ CONECTADO
ERROR: Xiaomi5 JÁ ESTÁ CONECTADO
ERROR: Xiaomi5 NÃO ESTÁ LIGADO
INFO: Xiaomi5 Foi desligado com sucesso
ERROR: Xiaomi5 ESTÁ DESLIGADO
ERROR: Xiaomi NÃO ESTÁ LIGADO
ERROR: Xiaomi NÃO ESTÁ LIGADO
ERROR: Xiaomi ESTÁ DESLIGADO
